<?xml version="1.0" encoding="UTF-8"?>
<!-- Generated by org.testng.reporters.JUnitReportReporter -->
<testsuite hostname="LAPTOP-1M2A79M2" failures="0" tests="2" name="Test_scenarios.TestScenario1" time="8.020" errors="0" timestamp="2023-02-23T14:58:49 GMT" skipped="0">
  <testcase classname="Test_scenarios.TestScenario1" name="ValidCheckout" time="7.649"/>
  <system-out/>
  <testcase classname="Test_scenarios.TestScenario1" name="inValidlogin" time="0.371"/>
  <system-out/>
</testsuite> <!-- Test_scenarios.TestScenario1 -->
