<?xml version="1.0" encoding="UTF-8"?>
<!-- Generated by org.testng.reporters.JUnitReportReporter -->
<testsuite hostname="LAPTOP-1M2A79M2" failures="0" tests="2" name="Test_scenarios.TestScenario1" time="10.930" errors="0" timestamp="2023-03-03T07:46:41 GMT" skipped="0">
  <testcase classname="Test_scenarios.TestScenario1" name="ValidCheckout" time="9.935"/>
  <system-out/>
  <testcase classname="Test_scenarios.TestScenario1" name="inValidlogin" time="0.995"/>
  <system-out/>
</testsuite> <!-- Test_scenarios.TestScenario1 -->
